
11월 22, 2017 09:58:37.88 NEW SESSION
11월 22, 2017 09:58:37.88 
11월 22, 2017 09:58:37.88 KLIB_SelfTest return : KLR_OK
11월 22, 2017 11:12:08.67 
11월 22, 2017 11:12:08.67 KLIB_SelfTest return : KLR_OK
11월 22, 2017 12:21:50.55 [31100:31412:1122/122150.557:ERROR:connection_factory_impl.cc(386)] Failed to connect to MCS endpoint with error -21
11월 22, 2017 14:52:16.20 
11월 22, 2017 14:52:16.20 KLIB_SelfTest return : KLR_OK
11월 22, 2017 15:09:01.60 
11월 22, 2017 15:09:01.60 KLIB_SelfTest return : KLR_OK
11월 22, 2017 15:14:45.16 
11월 22, 2017 15:14:45.16 KLIB_SelfTest return : KLR_OK
11월 22, 2017 15:20:04.14 
11월 22, 2017 15:20:04.14 KLIB_SelfTest return : KLR_OK

11월 22, 2017 20:26:41.12 NEW SESSION
11월 22, 2017 20:26:41.12 [36056:28652:1122/202641.112:ERROR:connection_factory_impl.cc(386)] Failed to connect to MCS endpoint with error -21
11월 22, 2017 20:32:57.02 
11월 22, 2017 20:32:57.02 KLIB_SelfTest return : KLR_OK
11월 22, 2017 21:33:48.46 
11월 22, 2017 21:33:48.46 KLIB_SelfTest return : KLR_OK

11월 23, 2017 11:13:08.11 NEW SESSION
11월 23, 2017 11:13:08.11 
11월 23, 2017 11:13:08.11 KLIB_SelfTest return : KLR_OK
11월 23, 2017 12:23:16.98 [26272:26372:1123/122316.979:ERROR:gcm_channel_status_request.cc(127)] GCM channel request failed.
11월 23, 2017 14:38:46.31 [26272:26372:1123/143846.308:ERROR:gcm_channel_status_request.cc(127)] GCM channel request failed.
11월 23, 2017 14:39:12.58 [26272:26372:1123/143912.587:ERROR:gcm_channel_status_request.cc(127)] GCM channel request failed.
11월 23, 2017 14:40:12.98 [26272:26372:1123/144012.981:ERROR:gcm_channel_status_request.cc(127)] GCM channel request failed.
11월 23, 2017 14:42:26.48 
11월 23, 2017 14:42:26.48 KLIB_SelfTest return : KLR_OK
11월 23, 2017 14:44:57.34 
11월 23, 2017 14:44:57.34 KLIB_SelfTest return : KLR_OK
11월 23, 2017 14:51:02.24 
11월 23, 2017 14:51:02.24 KLIB_SelfTest return : KLR_OK
11월 23, 2017 15:17:47.64 
11월 23, 2017 15:17:47.64 KLIB_SelfTest return : KLR_OK

11월 24, 2017 10:13:26.15 NEW SESSION
11월 24, 2017 10:13:26.15 
11월 24, 2017 10:13:26.15 KLIB_SelfTest return : KLR_OK
11월 24, 2017 14:05:48.09 [30364:44184:1124/140548.090:ERROR:socket_stream.cc(210)] Closing stream with result -101
11월 24, 2017 14:05:54.09 [30364:44184:1124/140554.093:ERROR:connection_factory_impl.cc(386)] Failed to connect to MCS endpoint with error -105
11월 24, 2017 14:06:28.77 [30364:44184:1124/140628.777:ERROR:connection_factory_impl.cc(386)] Failed to connect to MCS endpoint with error -105
11월 24, 2017 14:07:15.84 [30364:44184:1124/140715.840:ERROR:connection_factory_impl.cc(386)] Failed to connect to MCS endpoint with error -105
11월 24, 2017 14:34:45.25 
11월 24, 2017 14:34:45.25 KLIB_SelfTest return : KLR_OK
11월 24, 2017 14:35:17.03 [57092:53212:1124/143517.033:ERROR:connection_factory_impl.cc(386)] Failed to connect to MCS endpoint with error -105
11월 24, 2017 14:35:46.81 [57092:53212:1124/143546.817:ERROR:connection_factory_impl.cc(386)] Failed to connect to MCS endpoint with error -105
11월 24, 2017 14:36:02.03 [57092:55440:1124/143602.037:ERROR:account_tracker.cc(328)] OnGetTokenFailure: Connection failed (-105).
11월 24, 2017 14:36:02.03 [57092:55440:1124/143602.037:ERROR:account_tracker.cc(328)] OnGetTokenFailure: Connection failed (-105).
11월 24, 2017 14:36:53.08 [57092:53212:1124/143653.089:ERROR:connection_factory_impl.cc(386)] Failed to connect to MCS endpoint with error -105
11월 24, 2017 14:38:14.20 [57092:53212:1124/143814.204:ERROR:connection_factory_impl.cc(386)] Failed to connect to MCS endpoint with error -105

11월 24, 2017 18:39:16.49 NEW SESSION
11월 24, 2017 18:39:16.49 
11월 24, 2017 18:39:16.49 KLIB_SelfTest return : KLR_OK

11월 26, 2017 15:07:41.33 NEW SESSION
11월 26, 2017 15:07:41.33 
11월 26, 2017 15:07:41.33 KLIB_SelfTest return : KLR_OK
